2024-09-20 00:58:08,149 - DEBUG - in-event <InotifyEvent: src_path=b'/app/app/models', wd=1, mask=IN_IGNORED, cookie=0, name=''>
2024-09-20 01:09:42,153 - DEBUG - in-event <InotifyEvent: src_path=b'/app/app/models', wd=1, mask=IN_IGNORED, cookie=0, name=''>
2024-09-20 01:27:08,308 - DEBUG - in-event <InotifyEvent: src_path=b'/app/app/models', wd=1, mask=IN_IGNORED, cookie=0, name=''>
2024-09-20 04:21:12,987 - DEBUG - in-event <InotifyEvent: src_path=b'/app/app/models', wd=1, mask=IN_IGNORED, cookie=0, name=''>
2024-09-20 04:42:29,192 - DEBUG - in-event <InotifyEvent: src_path=b'/app/app/models', wd=1, mask=IN_IGNORED, cookie=0, name=''>
2024-09-20 04:51:00,874 - INFO - Cargando el modelo desde app/models/modelo_decision_tree.pkl...
2024-09-20 04:51:04,383 - INFO - Cargando el modelo desde app/models/modelo_decision_tree.pkl...
2024-09-20 04:52:15,760 - DEBUG - in-event <InotifyEvent: src_path=b'/app/app/models', wd=1, mask=IN_IGNORED, cookie=0, name=''>
2024-09-20 04:53:29,005 - INFO - Cargando el modelo desde app/models/modelo_decision_tree.pkl...
2024-09-20 04:53:32,034 - INFO - Cargando el modelo desde app/models/modelo_decision_tree.pkl...
2024-09-20 04:53:53,214 - DEBUG - in-event <InotifyEvent: src_path=b'/app/app/models', wd=1, mask=IN_IGNORED, cookie=0, name=''>
2024-09-20 04:55:28,896 - INFO - Cargando el modelo desde app/models/modelo_decision_tree.pkl...
2024-09-20 04:55:31,396 - INFO - Cargando el modelo desde app/models/modelo_decision_tree.pkl...
2024-09-20 04:55:32,330 - INFO - Obteniendo datos para predicciones...
2024-09-20 04:56:12,902 - DEBUG - in-event <InotifyEvent: src_path=b'/app/app/models', wd=1, mask=IN_IGNORED, cookie=0, name=''>
2024-09-20 04:57:17,440 - INFO - Cargando el modelo desde app/models/modelo_decision_tree.pkl...
2024-09-20 04:57:20,788 - INFO - Cargando el modelo desde app/models/modelo_decision_tree.pkl...
2024-09-20 04:57:22,025 - INFO - Obteniendo datos para predicciones...
2024-09-20 04:57:35,507 - DEBUG - in-event <InotifyEvent: src_path=b'/app/app/models', wd=1, mask=IN_IGNORED, cookie=0, name=''>
2024-09-20 04:58:31,728 - INFO - Cargando el modelo desde app/models/modelo_decision_tree.pkl...
2024-09-20 04:58:34,854 - INFO - Cargando el modelo desde app/models/modelo_decision_tree.pkl...
2024-09-20 04:58:35,991 - INFO - Obteniendo datos para predicciones...
2024-09-20 04:58:35,992 - INFO - Preprocesando datos para predicciones...
2024-09-20 04:58:51,572 - DEBUG - in-event <InotifyEvent: src_path=b'/app/app/models', wd=1, mask=IN_IGNORED, cookie=0, name=''>
2024-09-20 04:59:51,811 - INFO - Cargando el modelo desde app/models/modelo_decision_tree.pkl...
2024-09-20 04:59:54,911 - INFO - Cargando el modelo desde app/models/modelo_decision_tree.pkl...
2024-09-20 04:59:56,312 - INFO - Obteniendo datos para predicciones...
2024-09-20 04:59:56,314 - INFO - Preprocesando datos para predicciones...
2024-09-20 05:01:40,031 - DEBUG - in-event <InotifyEvent: src_path=b'/app/app/models', wd=1, mask=IN_IGNORED, cookie=0, name=''>
2024-09-20 05:02:43,450 - INFO - Cargando el modelo desde app/models/modelo_decision_tree.pkl...
2024-09-20 05:03:31,505 - DEBUG - in-event <InotifyEvent: src_path=b'/app/app/models', wd=1, mask=IN_IGNORED, cookie=0, name=''>
2024-09-20 05:06:26,638 - INFO - Cargando el modelo desde app/models/modelo_decision_tree.pkl...
2024-09-20 05:06:28,829 - INFO - Cargando el modelo desde app/models/modelo_decision_tree.pkl...
2024-09-20 05:06:29,393 - INFO - Obteniendo datos para predicciones...
2024-09-20 05:06:29,395 - INFO - Preprocesando datos para predicciones...
2024-09-20 05:07:22,438 - DEBUG - in-event <InotifyEvent: src_path=b'/app/app/models', wd=1, mask=IN_IGNORED, cookie=0, name=''>
2024-09-20 05:09:12,034 - INFO - Cargando el modelo desde app/models/modelo_decision_tree.pkl...
2024-09-20 05:09:14,787 - INFO - Cargando el modelo desde app/models/modelo_decision_tree.pkl...
2024-09-20 05:09:15,583 - INFO - Obteniendo datos para predicciones...
2024-09-20 05:09:15,585 - INFO - Preprocesando datos para predicciones...
2024-09-20 05:09:15,610 - INFO - Realizando predicciones...
2024-09-20 05:09:15,612 - INFO - Predicciones: 0
2024-09-20 05:10:16,584 - INFO - Cargando el modelo desde app/models/modelo_decision_tree.pkl...
2024-09-20 05:10:17,230 - INFO - Obteniendo datos para predicciones...
2024-09-20 05:10:17,232 - INFO - Preprocesando datos para predicciones...
2024-09-20 05:10:17,239 - INFO - Realizando predicciones...
2024-09-20 05:10:17,240 - INFO - Predicciones: 0
2024-09-20 05:10:19,027 - INFO - Cargando el modelo desde app/models/modelo_decision_tree.pkl...
2024-09-20 05:10:19,750 - INFO - Obteniendo datos para predicciones...
2024-09-20 05:10:19,752 - INFO - Preprocesando datos para predicciones...
2024-09-20 05:10:19,764 - INFO - Realizando predicciones...
2024-09-20 05:10:19,765 - INFO - Predicciones: 0
2024-09-20 05:10:22,340 - INFO - Cargando el modelo desde app/models/modelo_decision_tree.pkl...
2024-09-20 05:10:22,856 - INFO - Obteniendo datos para predicciones...
2024-09-20 05:10:22,857 - INFO - Preprocesando datos para predicciones...
2024-09-20 05:10:22,864 - INFO - Realizando predicciones...
2024-09-20 05:10:22,866 - INFO - Predicciones: 0
2024-09-20 05:10:26,092 - INFO - Cargando el modelo desde app/models/modelo_decision_tree.pkl...
2024-09-20 05:10:26,629 - INFO - Obteniendo datos para predicciones...
2024-09-20 05:10:26,631 - INFO - Preprocesando datos para predicciones...
2024-09-20 05:10:26,637 - INFO - Realizando predicciones...
2024-09-20 05:10:26,638 - INFO - Predicciones: 0
2024-09-20 05:10:34,179 - INFO - Cargando el modelo desde app/models/modelo_decision_tree.pkl...
2024-09-20 05:10:34,688 - INFO - Obteniendo datos para predicciones...
2024-09-20 05:10:34,690 - INFO - Preprocesando datos para predicciones...
2024-09-20 05:10:34,695 - INFO - Realizando predicciones...
2024-09-20 05:10:34,695 - INFO - Predicciones: 0
2024-09-20 05:10:41,024 - INFO - Cargando el modelo desde app/models/modelo_decision_tree.pkl...
2024-09-20 05:10:41,519 - INFO - Obteniendo datos para predicciones...
2024-09-20 05:10:41,521 - INFO - Preprocesando datos para predicciones...
2024-09-20 05:10:41,528 - INFO - Realizando predicciones...
2024-09-20 05:10:41,530 - INFO - Predicciones: 0
2024-09-20 05:10:48,709 - INFO - Cargando el modelo desde app/models/modelo_decision_tree.pkl...
2024-09-20 05:10:49,154 - INFO - Obteniendo datos para predicciones...
2024-09-20 05:10:49,156 - INFO - Preprocesando datos para predicciones...
2024-09-20 05:10:49,163 - INFO - Realizando predicciones...
2024-09-20 05:10:49,164 - INFO - Predicciones: 0
2024-09-20 05:10:52,891 - INFO - Cargando el modelo desde app/models/modelo_decision_tree.pkl...
2024-09-20 05:10:53,412 - INFO - Obteniendo datos para predicciones...
2024-09-20 05:10:53,414 - INFO - Preprocesando datos para predicciones...
2024-09-20 05:10:53,421 - INFO - Realizando predicciones...
2024-09-20 05:10:53,421 - INFO - Predicciones: 0
2024-09-20 05:11:02,283 - INFO - Cargando el modelo desde app/models/modelo_decision_tree.pkl...
2024-09-20 05:11:02,921 - INFO - Obteniendo datos para predicciones...
2024-09-20 05:11:02,923 - INFO - Preprocesando datos para predicciones...
2024-09-20 05:11:02,931 - INFO - Realizando predicciones...
2024-09-20 05:11:02,932 - INFO - Predicciones: 0
2024-09-20 05:11:25,585 - INFO - Cargando el modelo desde app/models/modelo_decision_tree.pkl...
2024-09-20 05:11:26,209 - INFO - Obteniendo datos para predicciones...
2024-09-20 05:11:26,211 - INFO - Preprocesando datos para predicciones...
2024-09-20 05:11:26,218 - INFO - Realizando predicciones...
2024-09-20 05:11:26,219 - INFO - Predicciones: 0
2024-09-20 05:11:29,178 - INFO - Cargando el modelo desde app/models/modelo_decision_tree.pkl...
2024-09-20 05:11:29,686 - INFO - Obteniendo datos para predicciones...
2024-09-20 05:11:29,688 - INFO - Preprocesando datos para predicciones...
2024-09-20 05:11:29,695 - INFO - Realizando predicciones...
2024-09-20 05:11:29,696 - INFO - Predicciones: 0
2024-09-20 05:12:52,258 - DEBUG - in-event <InotifyEvent: src_path=b'/app/app/models', wd=1, mask=IN_IGNORED, cookie=0, name=''>
2024-09-20 05:14:01,171 - INFO - Cargando el modelo desde app/models/modelo_decision_tree.pkl...
2024-09-20 05:14:03,730 - INFO - Cargando el modelo desde app/models/modelo_decision_tree.pkl...
2024-09-20 05:14:04,379 - INFO - Obteniendo datos para predicciones...
2024-09-20 05:14:04,383 - INFO - Preprocesando datos para predicciones...
2024-09-20 05:14:04,403 - INFO - Realizando predicciones...
2024-09-20 05:14:04,404 - INFO - Predicciones: 0
2024-09-20 05:14:32,181 - DEBUG - in-event <InotifyEvent: src_path=b'/app/app/models', wd=1, mask=IN_IGNORED, cookie=0, name=''>
2024-09-20 05:16:34,680 - INFO - Cargando el modelo desde app/models/modelo_decision_tree.pkl...
2024-09-20 05:16:36,503 - INFO - Cargando el modelo desde app/models/modelo_decision_tree.pkl...
2024-09-20 05:16:37,161 - INFO - Obteniendo datos para predicciones...
2024-09-20 05:16:37,164 - INFO - Preprocesando datos para predicciones...
2024-09-20 05:16:37,183 - INFO - Realizando predicciones...
2024-09-20 05:16:37,184 - INFO - Predicciones: 0
2024-09-20 05:16:47,961 - INFO - Cargando el modelo desde app/models/modelo_decision_tree.pkl...
2024-09-20 05:16:48,465 - INFO - Obteniendo datos para predicciones...
2024-09-20 05:16:48,467 - INFO - Preprocesando datos para predicciones...
2024-09-20 05:16:48,475 - INFO - Realizando predicciones...
2024-09-20 05:16:48,476 - INFO - Predicciones: 0
2024-09-20 05:16:50,068 - INFO - Cargando el modelo desde app/models/modelo_decision_tree.pkl...
2024-09-20 05:16:50,648 - INFO - Obteniendo datos para predicciones...
2024-09-20 05:16:50,649 - INFO - Preprocesando datos para predicciones...
2024-09-20 05:16:50,656 - INFO - Realizando predicciones...
2024-09-20 05:16:50,657 - INFO - Predicciones: 0
2024-09-20 05:16:53,746 - INFO - Cargando el modelo desde app/models/modelo_decision_tree.pkl...
2024-09-20 05:16:54,249 - INFO - Obteniendo datos para predicciones...
2024-09-20 05:16:54,251 - INFO - Preprocesando datos para predicciones...
2024-09-20 05:16:54,257 - INFO - Realizando predicciones...
2024-09-20 05:16:54,258 - INFO - Predicciones: 1
2024-09-20 05:17:02,067 - INFO - Cargando el modelo desde app/models/modelo_decision_tree.pkl...
2024-09-20 05:17:02,847 - INFO - Obteniendo datos para predicciones...
2024-09-20 05:17:02,850 - INFO - Preprocesando datos para predicciones...
2024-09-20 05:17:02,857 - INFO - Realizando predicciones...
2024-09-20 05:17:02,857 - INFO - Predicciones: 0
2024-09-20 05:17:06,719 - INFO - Cargando el modelo desde app/models/modelo_decision_tree.pkl...
2024-09-20 05:17:07,370 - INFO - Obteniendo datos para predicciones...
2024-09-20 05:17:07,373 - INFO - Preprocesando datos para predicciones...
2024-09-20 05:17:07,379 - INFO - Realizando predicciones...
2024-09-20 05:17:07,380 - INFO - Predicciones: 1
2024-09-20 05:17:13,837 - INFO - Cargando el modelo desde app/models/modelo_decision_tree.pkl...
2024-09-20 05:17:14,785 - INFO - Obteniendo datos para predicciones...
2024-09-20 05:17:14,790 - INFO - Preprocesando datos para predicciones...
2024-09-20 05:17:14,796 - INFO - Realizando predicciones...
2024-09-20 05:17:14,797 - INFO - Predicciones: 1
2024-09-20 05:18:06,549 - DEBUG - in-event <InotifyEvent: src_path=b'/app/app/models', wd=1, mask=IN_IGNORED, cookie=0, name=''>
2024-09-20 05:19:33,496 - INFO - Cargando el modelo desde app/models/modelo_decision_tree.pkl...
2024-09-20 05:19:34,506 - DEBUG - STREAM b'IHDR' 16 13
2024-09-20 05:19:34,506 - DEBUG - STREAM b'IDAT' 41 8192
2024-09-20 05:19:34,507 - DEBUG - STREAM b'IHDR' 16 13
2024-09-20 05:19:34,507 - DEBUG - STREAM b'IDAT' 41 8192
2024-09-20 05:20:16,734 - DEBUG - in-event <InotifyEvent: src_path=b'/app/app/models', wd=1, mask=IN_IGNORED, cookie=0, name=''>
2024-09-20 05:25:51,171 - INFO - Cargando el modelo desde app/models/modelo_decision_tree.pkl...
2024-09-20 05:25:52,257 - DEBUG - STREAM b'IHDR' 16 13
2024-09-20 05:25:52,258 - DEBUG - STREAM b'IDAT' 41 8192
2024-09-20 05:25:52,259 - DEBUG - STREAM b'IHDR' 16 13
2024-09-20 05:25:52,260 - DEBUG - STREAM b'IDAT' 41 8192
2024-09-20 05:26:51,923 - DEBUG - in-event <InotifyEvent: src_path=b'/app/app/models', wd=1, mask=IN_IGNORED, cookie=0, name=''>
2024-09-20 05:28:54,799 - INFO - Cargando el modelo desde app/models/modelo_decision_tree.pkl...
2024-09-20 05:28:56,117 - DEBUG - STREAM b'IHDR' 16 13
2024-09-20 05:28:56,118 - DEBUG - STREAM b'IDAT' 41 8192
2024-09-20 05:28:56,118 - DEBUG - STREAM b'IHDR' 16 13
2024-09-20 05:28:56,118 - DEBUG - STREAM b'IDAT' 41 8192
